commit c23f826461ff95048b3ee9c96647ad9a5d3490b2
Author: sixo <michael.bowen@full360.com>
Date:   Tue Apr 12 15:24:47 2022 -0700

    altered connection logging level, included pyc binaries

diff --git a/pyproject.toml b/pyproject.toml
index 75d0c0a..0528be6 100755
--- a/pyproject.toml
+++ b/pyproject.toml
@@ -7,7 +7,7 @@ authors = ["sixo <michael.bowen@full360.com>"]
 [tool.poetry.dependencies]
 python = "^3.9"
 boto3 = "1.19.6"
-vertica-python = "1.0.3"
+vertica-python = "^1.0.3"
 pytz = "2021.3"
 pandas = "1.3.4"
 Pillow = "8.4.0"

commit b062ade6be7e683c9e3ffe42e409cc39c9a80449
Author: sixo <michael.bowen@full360.com>
Date:   Tue Apr 12 15:19:23 2022 -0700

    backdated to vertica_python 1.0.3

diff --git a/pyproject.toml b/pyproject.toml
index 0528be6..75d0c0a 100755
--- a/pyproject.toml
+++ b/pyproject.toml
@@ -7,7 +7,7 @@ authors = ["sixo <michael.bowen@full360.com>"]
 [tool.poetry.dependencies]
 python = "^3.9"
 boto3 = "1.19.6"
-vertica-python = "^1.0.3"
+vertica-python = "1.0.3"
 pytz = "2021.3"
 pandas = "1.3.4"
 Pillow = "8.4.0"

commit 6ab0ef0230fe08686773589ffa10c9fed0a8b3ce
Author: sixo <michael.bowen@full360.com>
Date:   Wed Feb 23 14:06:02 2022 -0800

    setup for run of TevaQA

diff --git a/pyproject.toml b/pyproject.toml
index dd565ba..0528be6 100755
--- a/pyproject.toml
+++ b/pyproject.toml
@@ -7,7 +7,7 @@ authors = ["sixo <michael.bowen@full360.com>"]
 [tool.poetry.dependencies]
 python = "^3.9"
 boto3 = "1.19.6"
-vertica-python = "1.0.2"
+vertica-python = "^1.0.3"
 pytz = "2021.3"
 pandas = "1.3.4"
 Pillow = "8.4.0"

commit 966c82ab4062fc44a7fc4adffca7682df4b6d56d
Author: Michael Bowen <mdcbowen@gmail.com>
Date:   Tue Jan 11 21:17:57 2022 -0800

    token getter first pass

diff --git a/pyproject.toml b/pyproject.toml
index 8d94a86..dd565ba 100755
--- a/pyproject.toml
+++ b/pyproject.toml
@@ -9,11 +9,11 @@ python = "^3.9"
 boto3 = "1.19.6"
 vertica-python = "1.0.2"
 pytz = "2021.3"
-torch = "1.10.0"
 pandas = "1.3.4"
 Pillow = "8.4.0"
-torchvision = "0.11.1"
+torchvision = "0.11.2"
 regex = "2021.11.10"
+torch = "^1.10.1"
 
 [tool.poetry.dev-dependencies]
 pytest = "^5.2"

commit f9d1bbd0040305d7a94440cdf7331bfc3b5ffee0
Author: Michael Bowen <mdcbowen@gmail.com>
Date:   Mon Jan 10 14:21:27 2022 -0800

    added origin

diff --git a/pyproject.toml b/pyproject.toml
old mode 100644
new mode 100755

commit ea57c773ef2293def101c36643d06887dfae7ac2
Author: sixo <michael.bowen@full360.com>
Date:   Fri Dec 17 15:06:16 2021 -0800

    added regex to pyproject.toml, renamed to sql_runner

diff --git a/pyproject.toml b/pyproject.toml
index 712a1ae..8d94a86 100644
--- a/pyproject.toml
+++ b/pyproject.toml
@@ -13,6 +13,7 @@ torch = "1.10.0"
 pandas = "1.3.4"
 Pillow = "8.4.0"
 torchvision = "0.11.1"
+regex = "2021.11.10"
 
 [tool.poetry.dev-dependencies]
 pytest = "^5.2"

commit 998d682e596dbb579175bf35f5f877fa9c56bc84
Author: sixo <michael.bowen@full360.com>
Date:   Wed Dec 1 18:34:36 2021 -0800

    df wrangling

diff --git a/pyproject.toml b/pyproject.toml
new file mode 100644
index 0000000..712a1ae
--- /dev/null
+++ b/pyproject.toml
@@ -0,0 +1,22 @@
+[tool.poetry]
+name = "ripper"
+version = "0.1.0"
+description = ""
+authors = ["sixo <michael.bowen@full360.com>"]
+
+[tool.poetry.dependencies]
+python = "^3.9"
+boto3 = "1.19.6"
+vertica-python = "1.0.2"
+pytz = "2021.3"
+torch = "1.10.0"
+pandas = "1.3.4"
+Pillow = "8.4.0"
+torchvision = "0.11.1"
+
+[tool.poetry.dev-dependencies]
+pytest = "^5.2"
+
+[build-system]
+requires = ["poetry-core>=1.0.0"]
+build-backend = "poetry.core.masonry.api"
