2021-11-29 17:16:58,419 Connecting as user "dbadmin" to database "vaasdemo" on host "35.166.171.38" with port 5433
2021-11-29 17:16:58,476 Establishing connection to host "35.166.171.38" on port 5433
2021-11-29 17:16:58,592 User dbadmin successfully authenticated
2021-11-29 17:16:58,593 Connection is ready
2021-11-29 17:16:58,593 Execute simple query: [select count(*) from ehr.encounter_src;
]
2021-11-29 17:16:58,632 SQL Query Failure
2021-11-29 17:16:58,632 -----
2021-11-29 17:16:58,632 select count(*) from ehr.encounter_src;
2021-11-29 17:16:58,632 records exported: 0
2021-11-29 17:16:58,632 Close the connection
2021-11-29 17:17:48,432 Connecting as user "dbadmin" to database "vaasdemo" on host "35.166.171.38" with port 5433
2021-11-29 17:17:48,461 Establishing connection to host "35.166.171.38" on port 5433
2021-11-29 17:17:48,583 User dbadmin successfully authenticated
2021-11-29 17:17:48,584 Connection is ready
2021-11-29 17:17:48,584 Execute simple query: [select count(*) from ehr.encounter_src;
]
2021-11-29 17:17:48,627 SQL Query Failure
2021-11-29 17:17:48,627 -----
2021-11-29 17:17:48,627 select count(*) from ehr.encounter_src;
2021-11-29 17:17:48,627 records exported: 0
2021-11-29 17:17:48,628 Execute simple query: [select count(*) from ehr.encounter_src;
]
2021-11-29 17:17:48,663 SQL Query Failure
2021-11-29 17:17:48,663 -----
2021-11-29 17:17:48,663 select count(*) from ehr.encounter_src;
2021-11-29 17:17:48,663 records exported: 0
2021-11-29 17:17:48,665 Execute simple query: [select count(*) from ehr.encounte_src;
]
2021-11-29 17:17:48,704 SQL Query Failure
2021-11-29 17:17:48,704 -----
2021-11-29 17:17:48,704 select count(*) from ehr.encounte_src;
2021-11-29 17:17:48,705 records exported: 0
2021-11-29 17:17:48,706 Execute simple query: [select count(*) from ehr.encounter_src;
]
2021-11-29 17:17:48,749 SQL Query Failure
2021-11-29 17:17:48,750 -----
2021-11-29 17:17:48,750 select count(*) from ehr.encounter_src;
2021-11-29 17:17:48,750 records exported: 0
2021-11-29 17:17:48,752 Execute simple query: [select count(*) from ehr.encounter_src;
]
2021-11-29 17:17:48,795 SQL Query Failure
2021-11-29 17:17:48,796 -----
2021-11-29 17:17:48,796 select count(*) from ehr.encounter_src;
2021-11-29 17:17:48,796 records exported: 0
2021-11-29 17:17:48,797 Execute simple query: [select count(*) from ehr.encounter_src;
]
2021-11-29 17:17:48,833 SQL Query Failure
2021-11-29 17:17:48,833 -----
2021-11-29 17:17:48,833 select count(*) from ehr.encounter_src;
2021-11-29 17:17:48,833 records exported: 0
2021-11-29 17:17:48,833 Close the connection
2021-11-29 17:20:51,071 Connecting as user "dbadmin" to database "vaasdemo" on host "35.166.171.38" with port 5433
2021-11-29 17:20:51,185 Establishing connection to host "35.166.171.38" on port 5433
2021-11-29 17:20:51,302 User dbadmin successfully authenticated
2021-11-29 17:20:51,302 Connection is ready
2021-11-29 17:20:51,303 Execute simple query: [s]
2021-11-29 17:20:51,340 SQL Query Failure
2021-11-29 17:20:51,340 -----
2021-11-29 17:20:51,340 select count(*) from ehr.encounter_src;
2021-11-29 17:20:51,340 records exported: 0
2021-11-29 17:20:51,341 Execute simple query: [s]
2021-11-29 17:20:51,377 SQL Query Failure
2021-11-29 17:20:51,378 -----
2021-11-29 17:20:51,378 select count(*) from ehr.encounter_src;
2021-11-29 17:20:51,378 records exported: 0
2021-11-29 17:20:51,378 Execute simple query: [s]
2021-11-29 17:20:51,420 SQL Query Failure
2021-11-29 17:20:51,420 -----
2021-11-29 17:20:51,420 select count(*) from ehr.encounte_src;
2021-11-29 17:20:51,420 records exported: 0
2021-11-29 17:20:51,420 Execute simple query: [s]
2021-11-29 17:20:51,462 SQL Query Failure
2021-11-29 17:20:51,462 -----
2021-11-29 17:20:51,462 select count(*) from ehr.encounter_src;
2021-11-29 17:20:51,462 records exported: 0
2021-11-29 17:20:51,462 Execute simple query: [s]
2021-11-29 17:20:51,498 SQL Query Failure
2021-11-29 17:20:51,498 -----
2021-11-29 17:20:51,498 select count(*) from ehr.encounter_src;
2021-11-29 17:20:51,498 records exported: 0
2021-11-29 17:20:51,499 Execute simple query: [s]
2021-11-29 17:20:51,535 SQL Query Failure
2021-11-29 17:20:51,536 -----
2021-11-29 17:20:51,536 select count(*) from ehr.encounter_src;
2021-11-29 17:20:51,536 records exported: 0
2021-11-29 17:20:51,536 Close the connection
2021-11-29 17:21:55,107 Connecting as user "dbadmin" to database "vaasdemo" on host "35.166.171.38" with port 5433
2021-11-29 17:21:55,155 Establishing connection to host "35.166.171.38" on port 5433
2021-11-29 17:21:55,274 User dbadmin successfully authenticated
2021-11-29 17:21:55,275 Connection is ready
2021-11-29 17:21:55,275 Execute simple query: [s]
2021-11-29 17:21:55,324 SQL Query Failure
2021-11-29 17:21:55,324 -----
2021-11-29 17:21:55,325 select count(*) from ehr.encounters_src;
2021-11-29 17:21:55,325 records exported: 0
2021-11-29 17:21:55,325 Execute simple query: [s]
2021-11-29 17:21:55,363 SQL Query Failure
2021-11-29 17:21:55,363 -----
2021-11-29 17:21:55,363 select count(*) from ehr.encounters_src;
2021-11-29 17:21:55,363 records exported: 0
2021-11-29 17:21:55,367 Execute simple query: [s]
2021-11-29 17:21:55,401 SQL Query Failure
2021-11-29 17:21:55,401 -----
2021-11-29 17:21:55,401 select count(*) from ehr.encounte_src;
2021-11-29 17:21:55,401 records exported: 0
2021-11-29 17:21:55,401 Execute simple query: [s]
2021-11-29 17:21:55,440 SQL Query Failure
2021-11-29 17:21:55,440 -----
2021-11-29 17:21:55,441 select count(*) from ehr.encounters_src;
2021-11-29 17:21:55,441 records exported: 0
2021-11-29 17:21:55,488 Execute simple query: [s]
2021-11-29 17:21:55,535 SQL Query Failure
2021-11-29 17:21:55,535 -----
2021-11-29 17:21:55,535 select count(*) from ehr.encounters_src;
2021-11-29 17:21:55,535 records exported: 0
2021-11-29 17:21:55,535 Execute simple query: [s]
2021-11-29 17:21:55,578 SQL Query Failure
2021-11-29 17:21:55,578 -----
2021-11-29 17:21:55,578 select count(*) from ehr.encounters_src;
2021-11-29 17:21:55,578 records exported: 0
2021-11-29 17:21:55,578 Close the connection
2021-11-29 17:22:50,699 Connecting as user "dbadmin" to database "vaasdemo" on host "35.166.171.38" with port 5433
2021-11-29 17:22:50,744 Establishing connection to host "35.166.171.38" on port 5433
2021-11-29 17:22:50,865 User dbadmin successfully authenticated
2021-11-29 17:22:50,866 Connection is ready
2021-11-29 17:22:50,866 Execute simple query: [select count(*) from ehr.encounters_src;
]
2021-11-29 17:22:50,925 -----
2021-11-29 17:22:50,925 select count(*) from ehr.encounters_src;
2021-11-29 17:22:50,925 records exported: [12457]
2021-11-29 17:22:50,925 Execute simple query: [select count(*) from ehr.encounters_src;
]
2021-11-29 17:22:50,981 -----
2021-11-29 17:22:50,981 select count(*) from ehr.encounters_src;
2021-11-29 17:22:50,981 records exported: [12457]
2021-11-29 17:22:50,981 Execute simple query: [select count(*) from ehr.encounte_src;
]
2021-11-29 17:22:51,021 SQL Query Failure
2021-11-29 17:22:51,021 -----
2021-11-29 17:22:51,021 select count(*) from ehr.encounte_src;
2021-11-29 17:22:51,022 records exported: 0
2021-11-29 17:22:51,025 Execute simple query: [select count(*) from ehr.encounters_src;
]
2021-11-29 17:22:51,080 -----
2021-11-29 17:22:51,081 select count(*) from ehr.encounters_src;
2021-11-29 17:22:51,081 records exported: [12457]
2021-11-29 17:22:51,081 Execute simple query: [select count(*) from ehr.encounters_src;
]
2021-11-29 17:22:51,139 -----
2021-11-29 17:22:51,139 select count(*) from ehr.encounters_src;
2021-11-29 17:22:51,139 records exported: [12457]
2021-11-29 17:22:51,139 Execute simple query: [select count(*) from ehr.encounters_src;
]
2021-11-29 17:22:51,195 -----
2021-11-29 17:22:51,196 select count(*) from ehr.encounters_src;
2021-11-29 17:22:51,196 records exported: [12457]
2021-11-29 17:22:51,196 Close the connection
2021-11-29 17:34:23,831 Connecting as user "dbadmin" to database "vaasdemo" on host "35.166.171.38" with port 5433
2021-11-29 17:34:23,870 Establishing connection to host "35.166.171.38" on port 5433
2021-11-29 17:34:23,991 User dbadmin successfully authenticated
2021-11-29 17:34:23,991 Connection is ready
2021-11-29 17:34:23,992 Execute simple query: [select count(*) from ehr.encounters_src;
]
2021-11-29 17:34:24,048 -----
2021-11-29 17:34:24,049 select count(*) from ehr.encounters_src;
2021-11-29 17:34:24,049 records exported: [12457]
2021-11-29 17:34:24,049 Execute simple query: [select count(*) from ehr.encounters_src;
]
2021-11-29 17:34:24,105 -----
2021-11-29 17:34:24,105 select count(*) from ehr.encounters_src;
2021-11-29 17:34:24,106 records exported: [12457]
2021-11-29 17:34:24,106 Execute simple query: [select count(*) from ehr.encounte_src;
]
2021-11-29 17:34:24,145 SQL Query Failure
2021-11-29 17:34:24,145 -----
2021-11-29 17:34:24,145 select count(*) from ehr.encounte_src;
2021-11-29 17:34:24,145 records exported: 0
2021-11-29 17:34:24,146 Execute simple query: [select count(*) from ehr.encounters_src;
]
2021-11-29 17:34:24,200 -----
2021-11-29 17:34:24,201 select count(*) from ehr.encounters_src;
2021-11-29 17:34:24,201 records exported: [12457]
2021-11-29 17:34:24,201 Execute simple query: [select count(*) from ehr.encounters_src;
]
2021-11-29 17:34:24,255 -----
2021-11-29 17:34:24,255 select count(*) from ehr.encounters_src;
2021-11-29 17:34:24,255 records exported: [12457]
2021-11-29 17:34:24,255 Execute simple query: [select count(*) from ehr.encounters_src;
]
2021-11-29 17:34:24,309 -----
2021-11-29 17:34:24,309 select count(*) from ehr.encounters_src;
2021-11-29 17:34:24,309 records exported: [12457]
2021-11-29 17:34:24,309 Close the connection
2021-12-01 15:39:03,756 Connecting as user "dbadmin" to database "vaasdemo" on host "35.166.171.38" with port 5433
2021-12-01 15:39:03,903 Establishing connection to host "35.166.171.38" on port 5433
2021-12-01 15:42:37,741 Connecting as user "dbadmin" to database "vaasdemo" on host "35.166.171.38" with port 5433
2021-12-01 15:42:37,807 Establishing connection to host "35.166.171.38" on port 5433
2021-12-01 15:42:37,855 Failed to connect to host "35.166.171.38" on port 5433: [Errno 61] Connection refused
2021-12-01 15:42:37,855 Failed to establish a connection to the primary server or any backup address.
2021-12-01 16:01:38,415 Connecting as user "dbadmin" to database "vaasdemo" on host "35.166.171.38" with port 5433
2021-12-01 16:01:38,528 Establishing connection to host "35.166.171.38" on port 5433
2021-12-01 16:01:38,649 User dbadmin successfully authenticated
2021-12-01 16:01:38,649 Connection is ready
2021-12-01 16:01:38,666 Execute simple query: [select count(*) from ehr.encounters_src;
]
2021-12-01 16:01:38,725 -----
2021-12-01 16:01:38,725 select count(*) from ehr.encounters_src;
2021-12-01 16:01:38,725 records: [12457]
2021-12-01 16:01:38,725 Execute simple query: [select count(*) from ehr.encounters_src;
]
2021-12-01 16:01:38,783 -----
2021-12-01 16:01:38,783 select count(*) from ehr.encounters_src;
2021-12-01 16:01:38,783 records: [12457]
2021-12-01 16:01:38,783 Execute simple query: [select count(*) from ehr.encounte_src;
]
2021-12-01 16:01:38,823 SQL Query Failure
2021-12-01 16:01:38,824 -----
2021-12-01 16:01:38,824 select count(*) from ehr.encounte_src;
2021-12-01 16:01:38,824 records: 0
2021-12-01 16:01:38,826 Execute simple query: [select count(*) from ehr.encounters_src;
]
2021-12-01 16:01:38,883 -----
2021-12-01 16:01:38,883 select count(*) from ehr.encounters_src;
2021-12-01 16:01:38,883 records: [12457]
2021-12-01 16:01:38,883 Execute simple query: [select count(*) from ehr.encounters_src;
]
2021-12-01 16:01:38,940 -----
2021-12-01 16:01:38,940 select count(*) from ehr.encounters_src;
2021-12-01 16:01:38,940 records: [12457]
2021-12-01 16:01:38,941 Execute simple query: [select count(*) from ehr.encounters_src;
]
2021-12-01 16:01:38,999 -----
2021-12-01 16:01:38,999 select count(*) from ehr.encounters_src;
2021-12-01 16:01:38,999 records: [12457]
2021-12-01 16:01:38,999 Close the connection
