2021-12-13 15:17:52,063 Connecting as user "dbadmin" to database "teva" on host "10.5.10.23" with port 5433
2021-12-13 15:17:52,155 Establishing connection to host "10.5.10.23" on port 5433
2021-12-13 15:18:40,433 Connecting as user "dbadmin" to database "teva" on host "10.5.10.23" with port 5433
2021-12-13 15:18:40,470 Establishing connection to host "10.5.10.23" on port 5433
2021-12-13 15:19:44,363 Connecting as user "dbadmin" to database "vaasdemo" on host "35.166.171.38" with port 5433
2021-12-13 15:19:44,391 Establishing connection to host "35.166.171.38" on port 5433
2021-12-13 15:19:44,523 User dbadmin successfully authenticated
2021-12-13 15:19:44,524 Connection is ready
2021-12-13 15:19:44,525 Close the connection
2021-12-13 15:20:44,321 Connecting as user "dbadmin" to database "vaasdemo" on host "35.166.171.38" with port 5433
2021-12-13 15:20:44,350 Establishing connection to host "35.166.171.38" on port 5433
2021-12-13 15:20:44,476 User dbadmin successfully authenticated
2021-12-13 15:20:44,476 Connection is ready
2021-12-13 15:20:44,477 Execute simple query: [select 
    table_schema,
    table_name
from
    migration.source_schemas
    where is_partitioned is false;
]
2021-12-13 15:20:44,543 -----
2021-12-13 15:20:44,543 records: 46
2021-12-13 15:20:44,543 Close the connection
2021-12-13 15:20:44,543 Close the cursor
2021-12-14 12:06:13,232 Connecting as user "dbadmin" to database "vaasdemo" on host "35.166.171.38" with port 5433
2021-12-14 12:06:13,296 Establishing connection to host "35.166.171.38" on port 5433
2021-12-14 12:06:13,411 User dbadmin successfully authenticated
2021-12-14 12:06:13,412 Connection is ready
2021-12-14 12:06:13,414 Execute simple query: [select 
    table_schema,
    table_name
from
    migration.source_schemas
    where is_partitioned is false;
]
2021-12-14 12:06:13,480 -----
2021-12-14 12:06:13,481 records: 46
2021-12-14 12:06:13,481 Close the connection
2021-12-14 12:06:13,481 Close the cursor
2021-12-14 12:09:46,353 Connecting as user "dbadmin" to database "vaasdemo" on host "35.166.171.38" with port 5433
2021-12-14 12:09:46,413 Establishing connection to host "35.166.171.38" on port 5433
2021-12-14 12:09:46,543 User dbadmin successfully authenticated
2021-12-14 12:09:46,544 Connection is ready
2021-12-14 12:09:46,544 Execute simple query: [select 
    table_schema,
    table_name
from
    migration.source_schemas
    where is_partitioned is false;
]
2021-12-14 12:09:46,613 -----
2021-12-14 12:09:46,613 records: 46
2021-12-14 12:09:46,613 Close the connection
2021-12-14 12:09:46,613 Close the cursor
2021-12-14 12:10:55,194 Connecting as user "dbadmin" to database "vaasdemo" on host "35.166.171.38" with port 5433
2021-12-14 12:10:55,223 Establishing connection to host "35.166.171.38" on port 5433
2021-12-14 12:10:55,349 User dbadmin successfully authenticated
2021-12-14 12:10:55,349 Connection is ready
2021-12-14 12:10:55,350 Execute simple query: [select 
    table_schema,
    table_name
from
    migration.source_schemas
    where is_partitioned is false;
]
2021-12-14 12:10:55,412 -----
2021-12-14 12:10:55,412 records: 46
2021-12-14 12:10:55,412 Close the connection
2021-12-14 12:10:55,412 Close the cursor
2021-12-14 12:12:40,151 Connecting as user "dbadmin" to database "vaasdemo" on host "35.166.171.38" with port 5433
2021-12-14 12:12:40,199 Establishing connection to host "35.166.171.38" on port 5433
2021-12-14 12:12:40,330 User dbadmin successfully authenticated
2021-12-14 12:12:40,330 Connection is ready
2021-12-14 12:12:40,331 Execute simple query: [select 
    table_schema,
    table_name
from
    migration.source_schemas
    where is_partitioned is false;
]
2021-12-14 12:12:40,395 -----
2021-12-14 12:12:40,395 records: 46
2021-12-14 12:12:40,395 Close the connection
2021-12-14 12:12:40,395 Close the cursor
2021-12-14 12:18:51,632 Connecting as user "dbadmin" to database "vaasdemo" on host "35.166.171.38" with port 5433
2021-12-14 12:18:51,749 Establishing connection to host "35.166.171.38" on port 5433
2021-12-14 12:18:51,873 User dbadmin successfully authenticated
2021-12-14 12:18:51,873 Connection is ready
2021-12-14 12:18:51,874 Execute simple query: [select 
    table_schema,
    table_name
from
    migration.source_schemas
    where is_partitioned is false;
]
2021-12-14 12:18:51,935 -----
2021-12-14 12:18:51,935 records: 46
2021-12-14 12:18:51,935 Close the connection
2021-12-14 12:18:51,936 Close the cursor
2021-12-14 12:26:02,704 Connecting as user "dbadmin" to database "vaasdemo" on host "35.166.171.38" with port 5433
2021-12-14 12:26:02,820 Establishing connection to host "35.166.171.38" on port 5433
2021-12-14 12:26:02,950 User dbadmin successfully authenticated
2021-12-14 12:26:02,951 Connection is ready
2021-12-14 12:26:02,952 Execute simple query: [select 
    table_schema,
    table_name
from
    migration.source_schemas
    where is_partitioned is false;
]
2021-12-14 12:26:03,015 -----
2021-12-14 12:26:03,015 records: 46
2021-12-14 12:26:03,015 Close the connection
2021-12-14 12:26:03,015 Close the cursor
2021-12-14 12:32:40,447 Connecting as user "dbadmin" to database "vaasdemo" on host "35.166.171.38" with port 5433
2021-12-14 12:32:40,589 Establishing connection to host "35.166.171.38" on port 5433
2021-12-14 12:32:40,729 User dbadmin successfully authenticated
2021-12-14 12:32:40,730 Connection is ready
2021-12-14 12:32:40,730 Execute simple query: [select 
    table_schema,
    table_name
from
    migration.source_schemas
    where is_partitioned is false;
]
2021-12-14 12:32:40,799 -----
2021-12-14 12:32:40,799 records: 46
2021-12-14 12:32:40,799 Close the connection
2021-12-14 12:32:40,800 Close the cursor
2021-12-14 13:29:57,439 Connecting as user "dbadmin" to database "vaasdemo" on host "35.166.171.38" with port 5433
2021-12-14 13:29:57,498 Establishing connection to host "35.166.171.38" on port 5433
2021-12-14 13:29:57,629 User dbadmin successfully authenticated
2021-12-14 13:29:57,630 Connection is ready
2021-12-14 13:29:57,632 Execute simple query: [select 
    table_schema,
    table_name
from
    migration.source_schemas
    where is_partitioned is false;
]
2021-12-14 13:29:57,698 -----
2021-12-14 13:29:57,698 records: 46
2021-12-14 13:29:57,698 Close the connection
2021-12-14 13:29:57,699 Close the cursor
2021-12-14 13:30:29,411 Connecting as user "dbadmin" to database "vaasdemo" on host "35.166.171.38" with port 5433
2021-12-14 13:30:29,449 Establishing connection to host "35.166.171.38" on port 5433
2021-12-14 13:30:29,566 User dbadmin successfully authenticated
2021-12-14 13:30:29,567 Connection is ready
2021-12-14 13:30:29,567 Execute simple query: [select 
    table_schema,
    table_name
from
    migration.source_schemas
    where is_partitioned is false;
]
2021-12-14 13:30:29,627 -----
2021-12-14 13:30:29,627 records: 46
2021-12-14 13:30:29,627 Close the connection
2021-12-14 13:30:29,628 Close the cursor
2021-12-14 13:32:02,115 Connecting as user "dbadmin" to database "vaasdemo" on host "35.166.171.38" with port 5433
2021-12-14 13:32:02,164 Establishing connection to host "35.166.171.38" on port 5433
2021-12-14 13:32:02,306 User dbadmin successfully authenticated
2021-12-14 13:32:02,306 Connection is ready
2021-12-14 13:32:02,307 Execute simple query: [select 
    table_schema,
    table_name
from
    migration.source_schemas
    where is_partitioned is false;
]
2021-12-14 13:32:02,367 -----
2021-12-14 13:32:02,367 records: 46
2021-12-14 13:32:02,367 Close the connection
2021-12-14 13:32:02,367 Close the cursor
2021-12-14 13:32:21,874 Connecting as user "dbadmin" to database "vaasdemo" on host "35.166.171.38" with port 5433
2021-12-14 13:32:21,905 Establishing connection to host "35.166.171.38" on port 5433
2021-12-14 13:32:22,035 User dbadmin successfully authenticated
2021-12-14 13:32:22,036 Connection is ready
2021-12-14 13:32:22,037 Execute simple query: [select 
    table_schema,
    table_name
from
    migration.source_schemas
    where is_partitioned is false;
]
2021-12-14 13:32:22,107 -----
2021-12-14 13:32:22,107 records: 46
2021-12-14 13:32:22,107 Close the connection
2021-12-14 13:32:22,107 Close the cursor
2021-12-14 13:35:06,566 Connecting as user "dbadmin" to database "vaasdemo" on host "35.166.171.38" with port 5433
2021-12-14 13:35:06,605 Establishing connection to host "35.166.171.38" on port 5433
2021-12-14 13:35:06,733 User dbadmin successfully authenticated
2021-12-14 13:35:06,734 Connection is ready
2021-12-14 13:35:06,734 Execute simple query: [select 
    table_schema,
    table_name
from
    migration.source_schemas
    where is_partitioned is false;
]
2021-12-14 13:35:06,796 -----
2021-12-14 13:35:06,797 records: 46
2021-12-14 13:35:06,797 Close the connection
2021-12-14 13:35:06,797 Close the cursor
2021-12-14 13:35:56,740 Connecting as user "dbadmin" to database "vaasdemo" on host "35.166.171.38" with port 5433
2021-12-14 13:35:56,772 Establishing connection to host "35.166.171.38" on port 5433
2021-12-14 13:35:56,901 User dbadmin successfully authenticated
2021-12-14 13:35:56,901 Connection is ready
2021-12-14 13:35:56,902 Execute simple query: [select 
    table_schema,
    table_name
from
    migration.source_schemas
    where is_partitioned is false;
]
2021-12-14 13:35:56,963 -----
2021-12-14 13:35:56,963 records: 46
2021-12-14 13:35:56,963 Close the connection
2021-12-14 13:35:56,964 Close the cursor
2021-12-14 13:36:10,914 Connecting as user "dbadmin" to database "vaasdemo" on host "35.166.171.38" with port 5433
2021-12-14 13:36:10,944 Establishing connection to host "35.166.171.38" on port 5433
2021-12-14 13:36:11,060 User dbadmin successfully authenticated
2021-12-14 13:36:11,060 Connection is ready
2021-12-14 13:36:11,061 Execute simple query: [select 
    table_schema,
    table_name
from
    migration.source_schemas
    where is_partitioned is false;
]
2021-12-14 13:36:11,123 -----
2021-12-14 13:36:11,123 records: 46
2021-12-14 13:36:11,124 Close the connection
2021-12-14 13:36:11,124 Close the cursor
2021-12-14 13:38:44,504 Connecting as user "dbadmin" to database "vaasdemo" on host "35.166.171.38" with port 5433
2021-12-14 13:38:44,534 Establishing connection to host "35.166.171.38" on port 5433
2021-12-14 13:38:44,657 User dbadmin successfully authenticated
2021-12-14 13:38:44,658 Connection is ready
2021-12-14 13:38:44,659 Execute simple query: [select 
    table_schema,
    table_name
from
    migration.source_schemas
    where is_partitioned is false;
]
2021-12-14 13:38:44,723 -----
2021-12-14 13:38:44,723 records: 46
2021-12-14 13:38:44,723 Close the connection
2021-12-14 13:38:44,723 Close the cursor
2021-12-14 13:40:24,111 Connecting as user "dbadmin" to database "vaasdemo" on host "35.166.171.38" with port 5433
2021-12-14 13:40:24,166 Establishing connection to host "35.166.171.38" on port 5433
2021-12-14 13:40:24,289 User dbadmin successfully authenticated
2021-12-14 13:40:24,290 Connection is ready
2021-12-14 13:40:24,290 Execute simple query: [select 
    table_schema,
    table_name,
    row_count
from
    migration.source_schemas
    where is_partitioned is false;
]
2021-12-14 13:40:24,360 -----
2021-12-14 13:40:24,360 records: 46
2021-12-14 13:40:24,360 Close the connection
2021-12-14 13:40:24,360 Close the cursor
2021-12-14 13:40:57,530 Connecting as user "dbadmin" to database "vaasdemo" on host "35.166.171.38" with port 5433
2021-12-14 13:40:57,563 Establishing connection to host "35.166.171.38" on port 5433
2021-12-14 13:40:57,685 User dbadmin successfully authenticated
2021-12-14 13:40:57,686 Connection is ready
2021-12-14 13:40:57,686 Execute simple query: [select 
    table_schema,
    table_name,
    row_count
from
    migration.source_schemas
    where is_partitioned is false
order by 1,3;
]
2021-12-14 13:40:57,758 -----
2021-12-14 13:40:57,758 records: 46
2021-12-14 13:40:57,758 Close the connection
2021-12-14 13:40:57,758 Close the cursor
2021-12-14 13:56:13,247 Connecting as user "dbadmin" to database "vaasdemo" on host "35.166.171.38" with port 5433
2021-12-14 13:56:13,380 Establishing connection to host "35.166.171.38" on port 5433
2021-12-14 13:56:13,505 User dbadmin successfully authenticated
2021-12-14 13:56:13,505 Connection is ready
2021-12-14 13:56:13,506 Execute simple query: [select 
    table_schema,
    table_name,
    row_count
from
    migration.source_schemas
    where is_partitioned is false
order by 1,3;
]
2021-12-14 13:56:13,651 -----
2021-12-14 13:56:13,651 records: 46
2021-12-14 13:56:13,651 Close the connection
2021-12-14 13:56:13,651 Close the cursor
2021-12-14 14:02:49,702 Connecting as user "dbadmin" to database "vaasdemo" on host "35.166.171.38" with port 5433
2021-12-14 14:02:49,936 Establishing connection to host "35.166.171.38" on port 5433
2021-12-14 14:02:50,062 User dbadmin successfully authenticated
2021-12-14 14:02:50,063 Connection is ready
2021-12-14 14:02:50,067 Execute simple query: [select 
    table_schema,
    table_name,
    row_count
from
    migration.source_schemas
    where is_partitioned is false
order by 1,3;
]
2021-12-14 14:02:50,140 -----
2021-12-14 14:02:50,140 records: 46
2021-12-14 14:02:50,140 Close the connection
2021-12-14 14:02:50,141 Close the cursor
2021-12-14 14:03:48,162 Connecting as user "dbadmin" to database "vaasdemo" on host "35.166.171.38" with port 5433
2021-12-14 14:03:48,192 Establishing connection to host "35.166.171.38" on port 5433
2021-12-14 14:03:48,315 User dbadmin successfully authenticated
2021-12-14 14:03:48,316 Connection is ready
2021-12-14 14:03:48,316 Execute simple query: [select 
    table_schema,
    table_name,
    row_count
from
    migration.source_schemas
    where is_partitioned is false
order by 1,3;
]
2021-12-14 14:03:48,393 -----
2021-12-14 14:03:48,393 records: 46
2021-12-14 14:03:48,393 Close the connection
2021-12-14 14:03:48,393 Close the cursor
2021-12-14 14:14:50,193 Connecting as user "dbadmin" to database "vaasdemo" on host "35.166.171.38" with port 5433
2021-12-14 14:14:50,310 Establishing connection to host "35.166.171.38" on port 5433
2021-12-14 14:14:50,440 User dbadmin successfully authenticated
2021-12-14 14:14:50,440 Connection is ready
2021-12-14 14:14:50,441 Execute simple query: [select 
    table_schema,
    table_name,
    row_count
from
    migration.source_schemas
    where is_partitioned is false
order by 1,3;
]
2021-12-14 14:14:50,516 -----
2021-12-14 14:14:50,516 Close the connection
2021-12-14 14:15:28,499 Connecting as user "dbadmin" to database "vaasdemo" on host "35.166.171.38" with port 5433
2021-12-14 14:15:28,559 Establishing connection to host "35.166.171.38" on port 5433
2021-12-14 14:15:28,688 User dbadmin successfully authenticated
2021-12-14 14:15:28,689 Connection is ready
2021-12-14 14:15:28,690 Execute simple query: [select 
    table_schema,
    table_name,
    row_count
from
    migration.source_schemas
    where is_partitioned is false
order by 1,3;
]
2021-12-14 14:15:28,762 -----
2021-12-14 14:15:28,762 records: 46
2021-12-14 14:15:28,762 Close the connection
2021-12-14 14:15:28,763 Close the cursor
2021-12-14 14:16:44,417 Connecting as user "dbadmin" to database "vaasdemo" on host "35.166.171.38" with port 5433
2021-12-14 14:16:44,456 Establishing connection to host "35.166.171.38" on port 5433
2021-12-14 14:16:44,579 User dbadmin successfully authenticated
2021-12-14 14:16:44,580 Connection is ready
2021-12-14 14:16:44,580 Execute simple query: [select 
    table_schema,
    table_name,
    row_count
from
    migration.source_schemas
    where is_partitioned is false
order by 1,3;
]
2021-12-14 14:16:44,646 -----
2021-12-14 14:16:44,646 records: 46
2021-12-14 14:16:44,646 Close the connection
2021-12-14 14:16:44,647 Close the cursor
2021-12-14 14:23:02,313 Connecting as user "dbadmin" to database "teva" on host "10.5.10.23" with port 5433
2021-12-14 14:23:02,467 Establishing connection to host "10.5.10.23" on port 5433
2021-12-14 14:23:02,905 User dbadmin successfully authenticated
2021-12-14 14:23:02,906 Connection is ready
2021-12-14 14:23:02,907 Execute simple query: [select 
    table_schema,
    table_name,
    row_count
from
    migration.source_schemas
    where is_partitioned is false
order by 1,3;
]
2021-12-14 14:23:03,050 SQL Query Failure
2021-12-14 14:23:03,051 -----
2021-12-14 14:23:03,051 Close the connection
2021-12-14 14:23:29,629 Connecting as user "dbadmin" to database "teva" on host "10.5.10.23" with port 5433
2021-12-14 14:23:29,657 Establishing connection to host "10.5.10.23" on port 5433
2021-12-14 14:23:30,094 User dbadmin successfully authenticated
2021-12-14 14:23:30,095 Connection is ready
2021-12-14 14:23:30,095 Execute simple query: [select 
    table_schema,
    table_name,
    row_count
from
    migration.source_schemas
    where is_partitioned is false
order by 1,3;
]
2021-12-14 14:23:30,242 SQL Query Failure
2021-12-14 14:23:30,242 -----
2021-12-14 14:23:30,242 Close the connection
2021-12-14 14:31:40,300 Connecting as user "dbadmin" to database "teva" on host "10.5.10.147" with port 5433
2021-12-14 14:31:40,353 Establishing connection to host "10.5.10.147" on port 5433
2021-12-14 14:31:40,805 User dbadmin successfully authenticated
2021-12-14 14:31:40,805 Connection is ready
2021-12-14 14:31:40,806 Execute simple query: [select 
    table_schema,
    table_name,
    row_count
from
    migration.source_schemas
    where is_partitioned is false
order by 1,3;
]
2021-12-14 14:31:40,963 SQL Query Failure
2021-12-14 14:31:40,964 -----
2021-12-14 14:31:40,964 records: 0
2021-12-14 14:31:40,964 Close the connection
2021-12-14 14:31:40,964 Close the cursor
2021-12-14 14:33:04,406 Connecting as user "dbadmin" to database "teva" on host "10.5.10.147" with port 5433
2021-12-14 14:33:04,442 Establishing connection to host "10.5.10.147" on port 5433
2021-12-14 14:33:04,881 User dbadmin successfully authenticated
2021-12-14 14:33:04,882 Connection is ready
2021-12-14 14:33:04,882 Execute simple query: [select 
    table_schema,
    table_name,
    row_count
from
    migration.source_schemas
    where is_partitioned is false
order by 1,3;
]
2021-12-14 14:33:05,466 -----
2021-12-14 14:33:05,466 records: 1880
2021-12-14 14:33:05,467 Close the connection
2021-12-14 14:33:05,467 Close the cursor
2021-12-14 14:36:52,033 Connecting as user "dbadmin" to database "teva" on host "10.5.10.147" with port 5433
2021-12-14 14:36:52,283 Establishing connection to host "10.5.10.147" on port 5433
2021-12-14 14:36:52,727 User dbadmin successfully authenticated
2021-12-14 14:36:52,727 Connection is ready
2021-12-14 14:36:52,728 Execute simple query: [select 
    table_schema,
    table_name,
    row_count
from
    migration.source_schemas
    where is_partitioned is false
order by 1,3;
]
2021-12-14 14:36:53,288 -----
2021-12-14 14:36:53,288 records: 1880
2021-12-14 14:36:53,288 Close the connection
2021-12-14 14:36:53,289 Close the cursor
2021-12-17 18:28:57,139 Connecting as user "dbadmin" to database "vaasdemo" on host "35.166.171.38" with port 5433
2021-12-17 18:28:57,226 Establishing connection to host "35.166.171.38" on port 5433
2021-12-17 18:28:57,354 User dbadmin successfully authenticated
2021-12-17 18:28:57,354 Connection is ready
2021-12-17 18:28:57,355 Execute simple query: [select 
    table_schema,
    table_name,
    row_count
from
    migration.source_schemas
    where is_partitioned is false
order by 1,3;
]
2021-12-17 18:28:57,687 -----
2021-12-17 18:28:57,687 records: 46
2021-12-17 18:28:57,687 Close the connection
2021-12-17 18:28:57,688 Close the cursor
2021-12-17 18:29:14,290 Connecting as user "dbadmin" to database "teva" on host "10.5.10.147" with port 5433
2021-12-17 18:29:14,314 Establishing connection to host "10.5.10.147" on port 5433
2021-12-17 18:29:14,745 User dbadmin successfully authenticated
2021-12-17 18:29:14,746 Connection is ready
2021-12-17 18:29:14,746 Execute simple query: [select 
    table_schema,
    table_name,
    row_count
from
    migration.source_schemas
    where is_partitioned is false
order by 1,3;
]
2021-12-17 18:29:15,265 -----
2021-12-17 18:29:15,265 records: 1880
2021-12-17 18:29:15,265 Close the connection
2021-12-17 18:29:15,265 Close the cursor
